\BOOKMARK [0][-]{toc.0}{\376\377\000T\000a\000b\000l\000e\000\040\000o\000f\000\040\000C\000o\000n\000t\000e\000n\000t\000s}{}% 1
\BOOKMARK [0][-]{chapter*.2}{\376\377\000A\000b\000s\000t\000r\000a\000c\000t}{}% 2
\BOOKMARK [0][-]{chapter.1}{\376\377\000I\000n\000t\000r\000o\000d\000u\000c\000t\000i\000o\000n}{}% 3
\BOOKMARK [1][-]{section.1.1}{\376\377\000T\000r\000a\000v\000e\000l\000\040\000P\000l\000a\000n\000n\000e\000r}{chapter.1}% 4
\BOOKMARK [1][-]{section.1.2}{\376\377\000R\000e\000c\000i\000p\000e\000\040\000A\000p\000p}{chapter.1}% 5
\BOOKMARK [1][-]{section.1.3}{\376\377\000A\000r\000t\000\040\000G\000a\000l\000l\000e\000r\000y}{chapter.1}% 6
\BOOKMARK [0][-]{chapter.2}{\376\377\000P\000l\000a\000n\000n\000i\000n\000g\000\040\000a\000n\000d\000\040\000T\000i\000m\000e\000\040\000S\000c\000a\000l\000e}{}% 7
\BOOKMARK [1][-]{section.2.1}{\376\377\000M\000i\000l\000e\000s\000t\000o\000n\000e\000s\000\040\000a\000n\000d\000\040\000R\000e\000f\000l\000e\000c\000t\000i\000o\000n}{chapter.2}% 8
\BOOKMARK [1][-]{section.2.2}{\376\377\000T\000e\000r\000m\000\040\0002}{chapter.2}% 9
\BOOKMARK [0][-]{chapter.3}{\376\377\000T\000h\000e\000o\000r\000y}{}% 10
\BOOKMARK [1][-]{section.3.1}{\376\377\000C\000o\000g\000n\000i\000t\000i\000v\000e\000\040\000L\000o\000a\000d}{chapter.3}% 11
\BOOKMARK [1][-]{section.3.2}{\376\377\000V\000i\000s\000u\000a\000l\000\040\000h\000i\000e\000r\000a\000r\000c\000h\000y\000\040\000a\000n\000d\000\040\000e\000y\000e\000\040\000t\000r\000a\000c\000k\000i\000n\000g}{chapter.3}% 12
\BOOKMARK [1][-]{section.3.3}{\376\377\000C\000o\000l\000o\000u\000r\000\040\000T\000h\000e\000o\000r\000y}{chapter.3}% 13
\BOOKMARK [1][-]{section.3.4}{\376\377\000A\000c\000c\000e\000s\000s\000i\000b\000i\000l\000i\000t\000y\000\040\000d\000e\000s\000i\000g\000n}{chapter.3}% 14
\BOOKMARK [0][-]{chapter.4}{\376\377\000P\000r\000o\000j\000e\000c\000t\000\040\000D\000e\000s\000c\000r\000i\000p\000t\000i\000o\000n}{}% 15
\BOOKMARK [1][-]{section.4.1}{\376\377\000T\000r\000a\000v\000e\000l\000\040\000P\000l\000a\000n\000n\000e\000r}{chapter.4}% 16
\BOOKMARK [1][-]{section.4.2}{\376\377\000R\000e\000c\000i\000p\000e\000\040\000A\000p\000p}{chapter.4}% 17
\BOOKMARK [1][-]{section.4.3}{\376\377\000A\000r\000t\000\040\000G\000a\000l\000l\000e\000r\000y}{chapter.4}% 18
\BOOKMARK [0][-]{chapter.5}{\376\377\000S\000o\000f\000t\000w\000a\000r\000e\000\040\000E\000n\000g\000i\000n\000e\000e\000r\000i\000n\000g}{}% 19
\BOOKMARK [1][-]{section.5.1}{\376\377\000D\000i\000a\000g\000r\000a\000m\000s}{chapter.5}% 20
\BOOKMARK [1][-]{section.5.2}{\376\377\000T\000e\000s\000t\000i\000n\000g}{chapter.5}% 21
\BOOKMARK [1][-]{section.5.3}{\376\377\000C\000o\000d\000e\000\040\000q\000u\000a\000l\000i\000t\000y}{chapter.5}% 22
\BOOKMARK [1][-]{section.5.4}{\376\377\000V\000e\000r\000s\000i\000o\000n\000\040\000C\000o\000n\000t\000r\000o\000l}{chapter.5}% 23
\BOOKMARK [0][-]{chapter.6}{\376\377\000A\000p\000p\000e\000n\000d\000i\000x}{}% 24
\BOOKMARK [1][-]{section.6.1}{\376\377\000D\000i\000a\000r\000y}{chapter.6}% 25
\BOOKMARK [0][-]{chapter.7}{\376\377\000V\000i\000d\000e\000o\000s}{}% 26
\BOOKMARK [1][-]{section.7.1}{\376\377\000T\000r\000a\000v\000e\000l\000\040\000P\000l\000a\000n\000n\000e\000r}{chapter.7}% 27
\BOOKMARK [1][-]{section.7.2}{\376\377\000R\000e\000c\000i\000p\000e\000\040\000A\000p\000p}{chapter.7}% 28
